{
  "stats": {
    "suites": 1,
    "tests": 1,
    "passes": 1,
    "pending": 0,
    "failures": 0,
    "start": "2020-09-07T07:17:43.240Z",
    "end": "2020-09-07T07:17:59.611Z",
    "duration": 16371,
    "testsRegistered": 1,
    "passPercent": 100,
    "pendingPercent": 0,
    "other": 0,
    "hasOther": false,
    "skipped": 0,
    "hasSkipped": false
  },
  "results": [
    {
      "uuid": "aafc7661-4c78-49cf-a0d7-05c56530a0f4",
      "title": "",
      "fullFile": "cypress/integration/examples/TestPO.js",
      "file": "cypress/integration/examples/TestPO.js",
      "beforeHooks": [],
      "afterHooks": [],
      "tests": [],
      "suites": [
        {
          "uuid": "4c5918c2-4803-4738-baf1-5aeffa32ecf0",
          "title": "Page Object Test Suite",
          "fullFile": "",
          "file": "",
          "beforeHooks": [],
          "afterHooks": [],
          "tests": [
            {
              "title": "PO example",
              "fullTitle": "Page Object Test Suite PO example",
              "timedOut": null,
              "duration": 13502,
              "state": "passed",
              "speed": "slow",
              "pass": true,
              "fail": false,
              "pending": false,
              "context": null,
              "code": "//Cypress.config('defaultCommandTimeout', 15000);\nvar homePage = new _HomePage[\"default\"]();\nvar productPage = new _ProductPage[\"default\"](); //cy.visit(\"https://rahulshettyacademy.com/angularpractice/\");\ncy.visit(Cypress.env('url') + '/angularpractice/');\nhomePage.getEditBox().type(this.data.name);\nhomePage.getGender().select(this.data.gender);\nhomePage.getTwoWayDataBinding().should('have.value', this.data.name);\nhomePage.getEditBox().should('have.attr', 'minlength', '2');\nhomePage.getEntrepreneaur().should('be.disabled');\nhomePage.getShopTab().click();\nthis.data.productName.forEach(function (element) {\n  cy.selectProduct(element);\n});\nproductPage.checkoutButton().click();\nvar sum = 0;\ncy.get('tr td:nth-child(4) strong').each(function ($el, index, $list) {\n  var amountText = $el.text();\n  var res = amountText.split(\" \");\n  res = res[1].trim();\n  sum = sum + Number(res);\n}).then(function () {\n  cy.log(sum);\n});\ncy.get('h3 strong').then(function (element) {\n  var amount = element.text();\n  var result = amount.split(\" \");\n  var total = result[1].trim();\n  expect(Number(total)).to.equal(sum);\n});\ncy.contains('Checkout').click();\ncy.get('#country').type('India');\ncy.get('.suggestions > ul > li > a').click();\ncy.get('#checkbox2').click({\n  force: true\n});\ncy.get('input[type=\"submit\"]').click(); //cy.get('.alert').should('have.text', 'Success! Thank you! Your order will be delivered in next few weeks :-)');\ncy.get('.alert').then(function (element) {\n  var actualText = element.text();\n  expect(actualText.includes(\"Success\")).to.be[\"true\"];\n});",
              "err": {},
              "uuid": "2f80e224-b33c-415d-8154-dc56731a0fd8",
              "parentUUID": "4c5918c2-4803-4738-baf1-5aeffa32ecf0",
              "isHook": false,
              "skipped": false
            }
          ],
          "suites": [],
          "passes": [
            "2f80e224-b33c-415d-8154-dc56731a0fd8"
          ],
          "failures": [],
          "pending": [],
          "skipped": [],
          "duration": 13502,
          "root": false,
          "rootEmpty": false,
          "_timeout": 2000
        }
      ],
      "passes": [],
      "failures": [],
      "pending": [],
      "skipped": [],
      "duration": 0,
      "root": true,
      "rootEmpty": true,
      "_timeout": 2000
    }
  ],
  "meta": {
    "mocha": {
      "version": "7.0.1"
    },
    "mochawesome": {
      "options": {
        "quiet": false,
        "reportFilename": "mochawesome",
        "saveHtml": true,
        "saveJson": true,
        "consoleReporter": "spec",
        "useInlineDiffs": false,
        "code": true
      },
      "version": "6.1.1"
    },
    "marge": {
      "options": null,
      "version": "5.1.0"
    }
  }
}